20/09/16 13:55:19 WARN NativeCodeLoader: Unable to load native-hadoop library for your platform... using builtin-java classes where applicable
20/09/16 13:55:25 INFO SparkContext: Running Spark version 2.4.5
20/09/16 13:55:25 INFO SparkContext: Submitted application: sparklyr
20/09/16 13:55:25 INFO SecurityManager: Changing view acls to: user
20/09/16 13:55:25 INFO SecurityManager: Changing modify acls to: user
20/09/16 13:55:25 INFO SecurityManager: Changing view acls groups to: 
20/09/16 13:55:25 INFO SecurityManager: Changing modify acls groups to: 
20/09/16 13:55:25 INFO SecurityManager: SecurityManager: authentication disabled; ui acls disabled; users  with view permissions: Set(user); groups with view permissions: Set(); users  with modify permissions: Set(user); groups with modify permissions: Set()
20/09/16 13:55:26 INFO Utils: Successfully started service 'sparkDriver' on port 49172.
20/09/16 13:55:26 INFO SparkEnv: Registering MapOutputTracker
20/09/16 13:55:26 INFO SparkEnv: Registering BlockManagerMaster
20/09/16 13:55:26 INFO BlockManagerMasterEndpoint: Using org.apache.spark.storage.DefaultTopologyMapper for getting topology information
20/09/16 13:55:26 INFO BlockManagerMasterEndpoint: BlockManagerMasterEndpoint up
20/09/16 13:55:26 INFO DiskBlockManager: Created local directory at /private/var/folders/58/m5fvfpw93rz5rtzg6nc5_lbr0000gn/T/blockmgr-0b2f55ac-89e6-45ce-be43-9f6a050f24ad
20/09/16 13:55:27 INFO MemoryStore: MemoryStore started with capacity 912.3 MB
20/09/16 13:55:27 INFO SparkEnv: Registering OutputCommitCoordinator
20/09/16 13:55:28 INFO Utils: Successfully started service 'SparkUI' on port 4040.
20/09/16 13:55:29 INFO SparkUI: Bound SparkUI to 127.0.0.1, and started at http://localhost:4040
20/09/16 13:55:29 INFO SparkContext: Added JAR file:/Library/Frameworks/R.framework/Versions/3.6/Resources/library/sparklyr/java/sparklyr-2.4-2.11.jar at spark://localhost:49172/jars/sparklyr-2.4-2.11.jar with timestamp 1600260929267
20/09/16 13:55:29 INFO Executor: Starting executor ID driver on host localhost
20/09/16 13:55:30 INFO Utils: Successfully started service 'org.apache.spark.network.netty.NettyBlockTransferService' on port 49173.
20/09/16 13:55:30 INFO NettyBlockTransferService: Server created on localhost:49173
20/09/16 13:55:30 INFO BlockManager: Using org.apache.spark.storage.RandomBlockReplicationPolicy for block replication policy
20/09/16 13:55:31 INFO BlockManagerMaster: Registering BlockManager BlockManagerId(driver, localhost, 49173, None)
20/09/16 13:55:31 INFO BlockManagerMasterEndpoint: Registering block manager localhost:49173 with 912.3 MB RAM, BlockManagerId(driver, localhost, 49173, None)
20/09/16 13:55:31 INFO BlockManagerMaster: Registered BlockManager BlockManagerId(driver, localhost, 49173, None)
20/09/16 13:55:31 INFO BlockManager: Initialized BlockManager: BlockManagerId(driver, localhost, 49173, None)
20/09/16 13:55:34 INFO SharedState: loading hive config file: file:/Users/user/spark/spark-2.4.5-bin-hadoop2.7/conf/hive-site.xml
20/09/16 13:55:34 INFO SharedState: Setting hive.metastore.warehouse.dir ('null') to the value of spark.sql.warehouse.dir ('file:/Users/user/codeclan_work/codeclan_homework_DebbieL/week_11/weekend_homework/logistic_homework/spark-warehouse').
20/09/16 13:55:34 INFO SharedState: Warehouse path is 'file:/Users/user/codeclan_work/codeclan_homework_DebbieL/week_11/weekend_homework/logistic_homework/spark-warehouse'.
20/09/16 13:55:39 INFO StateStoreCoordinatorRef: Registered StateStoreCoordinator endpoint
20/09/16 13:55:49 INFO HiveUtils: Initializing HiveMetastoreConnection version 1.2.1 using Spark classes.
20/09/16 13:55:52 INFO HiveMetaStore: 0: Opening raw store with implemenation class:org.apache.hadoop.hive.metastore.ObjectStore
20/09/16 13:55:52 INFO ObjectStore: ObjectStore, initialize called
20/09/16 13:55:53 INFO Persistence: Property hive.metastore.integral.jdo.pushdown unknown - will be ignored
20/09/16 13:55:53 INFO Persistence: Property datanucleus.cache.level2 unknown - will be ignored
20/09/16 13:56:01 INFO ObjectStore: Setting MetaStore object pin classes with hive.metastore.cache.pinobjtypes="Table,StorageDescriptor,SerDeInfo,Partition,Database,Type,FieldSchema,Order"
20/09/16 13:56:08 INFO Datastore: The class "org.apache.hadoop.hive.metastore.model.MFieldSchema" is tagged as "embedded-only" so does not have its own datastore table.
20/09/16 13:56:08 INFO Datastore: The class "org.apache.hadoop.hive.metastore.model.MOrder" is tagged as "embedded-only" so does not have its own datastore table.
20/09/16 13:56:12 INFO Datastore: The class "org.apache.hadoop.hive.metastore.model.MFieldSchema" is tagged as "embedded-only" so does not have its own datastore table.
20/09/16 13:56:12 INFO Datastore: The class "org.apache.hadoop.hive.metastore.model.MOrder" is tagged as "embedded-only" so does not have its own datastore table.
20/09/16 13:56:13 INFO MetaStoreDirectSql: Using direct SQL, underlying DB is DERBY
20/09/16 13:56:13 INFO ObjectStore: Initialized ObjectStore
20/09/16 13:56:14 WARN ObjectStore: Version information not found in metastore. hive.metastore.schema.verification is not enabled so recording the schema version 1.2.0
20/09/16 13:56:15 WARN ObjectStore: Failed to get database default, returning NoSuchObjectException
20/09/16 13:56:15 INFO HiveMetaStore: Added admin role in metastore
20/09/16 13:56:15 INFO HiveMetaStore: Added public role in metastore
20/09/16 13:56:16 INFO HiveMetaStore: No user is added in admin role, since config is empty
20/09/16 13:56:16 INFO HiveMetaStore: 0: get_all_databases
20/09/16 13:56:16 INFO audit: ugi=user	ip=unknown-ip-addr	cmd=get_all_databases	
20/09/16 13:56:17 INFO HiveMetaStore: 0: get_functions: db=default pat=*
20/09/16 13:56:17 INFO audit: ugi=user	ip=unknown-ip-addr	cmd=get_functions: db=default pat=*	
20/09/16 13:56:17 INFO Datastore: The class "org.apache.hadoop.hive.metastore.model.MResourceUri" is tagged as "embedded-only" so does not have its own datastore table.
20/09/16 13:56:17 INFO SessionState: Created HDFS directory: /tmp/hive/user
20/09/16 13:56:17 INFO SessionState: Created local directory: /var/folders/58/m5fvfpw93rz5rtzg6nc5_lbr0000gn/T/user
20/09/16 13:56:17 INFO SessionState: Created local directory: /var/folders/58/m5fvfpw93rz5rtzg6nc5_lbr0000gn/T/e6f0e405-d54b-4c65-ac12-8641705d8543_resources
20/09/16 13:56:17 INFO SessionState: Created HDFS directory: /tmp/hive/user/e6f0e405-d54b-4c65-ac12-8641705d8543
20/09/16 13:56:18 INFO SessionState: Created local directory: /var/folders/58/m5fvfpw93rz5rtzg6nc5_lbr0000gn/T/user/e6f0e405-d54b-4c65-ac12-8641705d8543
20/09/16 13:56:18 INFO SessionState: Created HDFS directory: /tmp/hive/user/e6f0e405-d54b-4c65-ac12-8641705d8543/_tmp_space.db
20/09/16 13:56:18 INFO HiveClientImpl: Warehouse location for Hive client (version 1.2.2) is file:/Users/user/codeclan_work/codeclan_homework_DebbieL/week_11/weekend_homework/logistic_homework/spark-warehouse
20/09/16 13:56:18 INFO HiveMetaStore: 0: get_database: default
20/09/16 13:56:18 INFO audit: ugi=user	ip=unknown-ip-addr	cmd=get_database: default	
20/09/16 13:56:18 INFO HiveMetaStore: 0: get_database: global_temp
20/09/16 13:56:18 INFO audit: ugi=user	ip=unknown-ip-addr	cmd=get_database: global_temp	
20/09/16 13:56:18 WARN ObjectStore: Failed to get database global_temp, returning NoSuchObjectException
20/09/16 13:56:18 INFO HiveMetaStore: 0: get_database: default
20/09/16 13:56:18 INFO audit: ugi=user	ip=unknown-ip-addr	cmd=get_database: default	
20/09/16 13:56:18 INFO HiveMetaStore: 0: get_database: default
20/09/16 13:56:18 INFO audit: ugi=user	ip=unknown-ip-addr	cmd=get_database: default	
20/09/16 13:56:18 INFO HiveMetaStore: 0: get_tables: db=default pat=*
20/09/16 13:56:18 INFO audit: ugi=user	ip=unknown-ip-addr	cmd=get_tables: db=default pat=*	
20/09/16 13:56:21 INFO SparkContext: Starting job: collect at utils.scala:44
20/09/16 13:56:21 INFO DAGScheduler: Got job 0 (collect at utils.scala:44) with 1 output partitions
20/09/16 13:56:22 INFO DAGScheduler: Final stage: ResultStage 0 (collect at utils.scala:44)
20/09/16 13:56:22 INFO DAGScheduler: Parents of final stage: List()
20/09/16 13:56:22 INFO DAGScheduler: Missing parents: List()
20/09/16 13:56:22 INFO DAGScheduler: Submitting ResultStage 0 (MapPartitionsRDD[5] at map at utils.scala:41), which has no missing parents
20/09/16 13:56:22 INFO MemoryStore: Block broadcast_0 stored as values in memory (estimated size 7.1 KB, free 912.3 MB)
20/09/16 13:56:22 INFO MemoryStore: Block broadcast_0_piece0 stored as bytes in memory (estimated size 4.1 KB, free 912.3 MB)
20/09/16 13:56:22 INFO BlockManagerInfo: Added broadcast_0_piece0 in memory on localhost:49173 (size: 4.1 KB, free: 912.3 MB)
20/09/16 13:56:22 INFO SparkContext: Created broadcast 0 from broadcast at DAGScheduler.scala:1163
20/09/16 13:56:22 INFO DAGScheduler: Submitting 1 missing tasks from ResultStage 0 (MapPartitionsRDD[5] at map at utils.scala:41) (first 15 tasks are for partitions Vector(0))
20/09/16 13:56:22 INFO TaskSchedulerImpl: Adding task set 0.0 with 1 tasks
20/09/16 13:56:23 INFO TaskSetManager: Starting task 0.0 in stage 0.0 (TID 0, localhost, executor driver, partition 0, PROCESS_LOCAL, 7893 bytes)
20/09/16 13:56:23 INFO Executor: Running task 0.0 in stage 0.0 (TID 0)
20/09/16 13:56:23 INFO Executor: Fetching spark://localhost:49172/jars/sparklyr-2.4-2.11.jar with timestamp 1600260929267
20/09/16 13:56:23 INFO TransportClientFactory: Successfully created connection to localhost/127.0.0.1:49172 after 66 ms (0 ms spent in bootstraps)
20/09/16 13:56:23 INFO Utils: Fetching spark://localhost:49172/jars/sparklyr-2.4-2.11.jar to /private/var/folders/58/m5fvfpw93rz5rtzg6nc5_lbr0000gn/T/spark-fa5fcdf9-54e6-441c-9350-753b80648642/userFiles-2434de9f-54a0-40bc-bed0-3e82d4000f92/fetchFileTemp4597278974534557474.tmp
20/09/16 13:56:23 INFO Executor: Adding file:/private/var/folders/58/m5fvfpw93rz5rtzg6nc5_lbr0000gn/T/spark-fa5fcdf9-54e6-441c-9350-753b80648642/userFiles-2434de9f-54a0-40bc-bed0-3e82d4000f92/sparklyr-2.4-2.11.jar to class loader
20/09/16 13:56:25 INFO CodeGenerator: Code generated in 1008.006535 ms
20/09/16 13:56:25 INFO Executor: Finished task 0.0 in stage 0.0 (TID 0). 970 bytes result sent to driver
20/09/16 13:56:25 INFO TaskSetManager: Finished task 0.0 in stage 0.0 (TID 0) in 2724 ms on localhost (executor driver) (1/1)
20/09/16 13:56:25 INFO TaskSchedulerImpl: Removed TaskSet 0.0, whose tasks have all completed, from pool 
20/09/16 13:56:25 INFO DAGScheduler: ResultStage 0 (collect at utils.scala:44) finished in 3.707 s
20/09/16 13:56:25 INFO DAGScheduler: Job 0 finished: collect at utils.scala:44, took 4.000743 s
20/09/16 13:56:26 INFO BlockManagerInfo: Removed broadcast_0_piece0 on localhost:49173 in memory (size: 4.1 KB, free: 912.3 MB)
20/09/16 13:56:28 INFO CodeGenerator: Code generated in 35.322598 ms
20/09/16 13:56:28 INFO CodeGenerator: Code generated in 54.377715 ms
20/09/16 13:56:28 INFO SparkContext: Starting job: sql at NativeMethodAccessorImpl.java:0
20/09/16 13:56:28 INFO DAGScheduler: Registering RDD 14 (sql at NativeMethodAccessorImpl.java:0) as input to shuffle 0
20/09/16 13:56:28 INFO DAGScheduler: Got job 1 (sql at NativeMethodAccessorImpl.java:0) with 1 output partitions
20/09/16 13:56:28 INFO DAGScheduler: Final stage: ResultStage 2 (sql at NativeMethodAccessorImpl.java:0)
20/09/16 13:56:28 INFO DAGScheduler: Parents of final stage: List(ShuffleMapStage 1)
20/09/16 13:56:28 INFO DAGScheduler: Missing parents: List(ShuffleMapStage 1)
20/09/16 13:56:28 INFO DAGScheduler: Submitting ShuffleMapStage 1 (MapPartitionsRDD[14] at sql at NativeMethodAccessorImpl.java:0), which has no missing parents
20/09/16 13:56:29 INFO MemoryStore: Block broadcast_1 stored as values in memory (estimated size 30.4 KB, free 912.3 MB)
20/09/16 13:56:29 INFO MemoryStore: Block broadcast_1_piece0 stored as bytes in memory (estimated size 12.8 KB, free 912.3 MB)
20/09/16 13:56:29 INFO BlockManagerInfo: Added broadcast_1_piece0 in memory on localhost:49173 (size: 12.8 KB, free: 912.3 MB)
20/09/16 13:56:29 INFO SparkContext: Created broadcast 1 from broadcast at DAGScheduler.scala:1163
20/09/16 13:56:29 INFO DAGScheduler: Submitting 1 missing tasks from ShuffleMapStage 1 (MapPartitionsRDD[14] at sql at NativeMethodAccessorImpl.java:0) (first 15 tasks are for partitions Vector(0))
20/09/16 13:56:29 INFO TaskSchedulerImpl: Adding task set 1.0 with 1 tasks
20/09/16 13:56:29 INFO TaskSetManager: Starting task 0.0 in stage 1.0 (TID 1, localhost, executor driver, partition 0, PROCESS_LOCAL, 9157 bytes)
20/09/16 13:56:29 INFO Executor: Running task 0.0 in stage 1.0 (TID 1)
20/09/16 13:56:29 INFO CodeGenerator: Code generated in 72.308885 ms
20/09/16 13:56:30 INFO CodeGenerator: Code generated in 503.618094 ms
20/09/16 13:56:30 INFO MemoryStore: Block rdd_10_0 stored as values in memory (estimated size 4.2 KB, free 912.3 MB)
20/09/16 13:56:30 INFO BlockManagerInfo: Added rdd_10_0 in memory on localhost:49173 (size: 4.2 KB, free: 912.3 MB)
20/09/16 13:56:30 INFO CodeGenerator: Code generated in 22.691854 ms
20/09/16 13:56:30 INFO Executor: Finished task 0.0 in stage 1.0 (TID 1). 2018 bytes result sent to driver
20/09/16 13:56:30 INFO TaskSetManager: Finished task 0.0 in stage 1.0 (TID 1) in 1517 ms on localhost (executor driver) (1/1)
20/09/16 13:56:30 INFO TaskSchedulerImpl: Removed TaskSet 1.0, whose tasks have all completed, from pool 
20/09/16 13:56:30 INFO DAGScheduler: ShuffleMapStage 1 (sql at NativeMethodAccessorImpl.java:0) finished in 1.568 s
20/09/16 13:56:30 INFO DAGScheduler: looking for newly runnable stages
20/09/16 13:56:30 INFO DAGScheduler: running: Set()
20/09/16 13:56:30 INFO DAGScheduler: waiting: Set(ResultStage 2)
20/09/16 13:56:30 INFO DAGScheduler: failed: Set()
20/09/16 13:56:30 INFO DAGScheduler: Submitting ResultStage 2 (MapPartitionsRDD[17] at sql at NativeMethodAccessorImpl.java:0), which has no missing parents
20/09/16 13:56:30 INFO MemoryStore: Block broadcast_2 stored as values in memory (estimated size 7.3 KB, free 912.2 MB)
20/09/16 13:56:30 INFO MemoryStore: Block broadcast_2_piece0 stored as bytes in memory (estimated size 3.9 KB, free 912.2 MB)
20/09/16 13:56:30 INFO BlockManagerInfo: Added broadcast_2_piece0 in memory on localhost:49173 (size: 3.9 KB, free: 912.3 MB)
20/09/16 13:56:30 INFO SparkContext: Created broadcast 2 from broadcast at DAGScheduler.scala:1163
20/09/16 13:56:30 INFO DAGScheduler: Submitting 1 missing tasks from ResultStage 2 (MapPartitionsRDD[17] at sql at NativeMethodAccessorImpl.java:0) (first 15 tasks are for partitions Vector(0))
20/09/16 13:56:30 INFO TaskSchedulerImpl: Adding task set 2.0 with 1 tasks
20/09/16 13:56:30 INFO TaskSetManager: Starting task 0.0 in stage 2.0 (TID 2, localhost, executor driver, partition 0, NODE_LOCAL, 7767 bytes)
20/09/16 13:56:30 INFO Executor: Running task 0.0 in stage 2.0 (TID 2)
20/09/16 13:56:30 INFO ShuffleBlockFetcherIterator: Getting 1 non-empty blocks including 1 local blocks and 0 remote blocks
20/09/16 13:56:30 INFO ShuffleBlockFetcherIterator: Started 0 remote fetches in 58 ms
20/09/16 13:56:30 INFO Executor: Finished task 0.0 in stage 2.0 (TID 2). 1825 bytes result sent to driver
20/09/16 13:56:30 INFO TaskSetManager: Finished task 0.0 in stage 2.0 (TID 2) in 288 ms on localhost (executor driver) (1/1)
20/09/16 13:56:30 INFO TaskSchedulerImpl: Removed TaskSet 2.0, whose tasks have all completed, from pool 
20/09/16 13:56:30 INFO DAGScheduler: ResultStage 2 (sql at NativeMethodAccessorImpl.java:0) finished in 0.315 s
20/09/16 13:56:30 INFO DAGScheduler: Job 1 finished: sql at NativeMethodAccessorImpl.java:0, took 1.961143 s
20/09/16 13:56:31 INFO CodeGenerator: Code generated in 35.082905 ms
20/09/16 13:56:31 INFO SparkContext: Starting job: collect at utils.scala:114
20/09/16 13:56:31 INFO DAGScheduler: Registering RDD 21 (collect at utils.scala:114) as input to shuffle 1
20/09/16 13:56:31 INFO DAGScheduler: Got job 2 (collect at utils.scala:114) with 1 output partitions
20/09/16 13:56:31 INFO DAGScheduler: Final stage: ResultStage 4 (collect at utils.scala:114)
20/09/16 13:56:31 INFO DAGScheduler: Parents of final stage: List(ShuffleMapStage 3)
20/09/16 13:56:31 INFO DAGScheduler: Missing parents: List(ShuffleMapStage 3)
20/09/16 13:56:31 INFO DAGScheduler: Submitting ShuffleMapStage 3 (MapPartitionsRDD[21] at collect at utils.scala:114), which has no missing parents
20/09/16 13:56:31 INFO MemoryStore: Block broadcast_3 stored as values in memory (estimated size 30.4 KB, free 912.2 MB)
20/09/16 13:56:31 INFO MemoryStore: Block broadcast_3_piece0 stored as bytes in memory (estimated size 12.8 KB, free 912.2 MB)
20/09/16 13:56:31 INFO BlockManagerInfo: Added broadcast_3_piece0 in memory on localhost:49173 (size: 12.8 KB, free: 912.3 MB)
20/09/16 13:56:31 INFO SparkContext: Created broadcast 3 from broadcast at DAGScheduler.scala:1163
20/09/16 13:56:31 INFO DAGScheduler: Submitting 1 missing tasks from ShuffleMapStage 3 (MapPartitionsRDD[21] at collect at utils.scala:114) (first 15 tasks are for partitions Vector(0))
20/09/16 13:56:31 INFO TaskSchedulerImpl: Adding task set 3.0 with 1 tasks
20/09/16 13:56:31 INFO TaskSetManager: Starting task 0.0 in stage 3.0 (TID 3, localhost, executor driver, partition 0, PROCESS_LOCAL, 9157 bytes)
20/09/16 13:56:31 INFO Executor: Running task 0.0 in stage 3.0 (TID 3)
20/09/16 13:56:32 INFO BlockManager: Found block rdd_10_0 locally
20/09/16 13:56:32 INFO Executor: Finished task 0.0 in stage 3.0 (TID 3). 2061 bytes result sent to driver
20/09/16 13:56:32 INFO TaskSetManager: Finished task 0.0 in stage 3.0 (TID 3) in 29 ms on localhost (executor driver) (1/1)
20/09/16 13:56:32 INFO TaskSchedulerImpl: Removed TaskSet 3.0, whose tasks have all completed, from pool 
20/09/16 13:56:32 INFO DAGScheduler: ShuffleMapStage 3 (collect at utils.scala:114) finished in 0.049 s
20/09/16 13:56:32 INFO DAGScheduler: looking for newly runnable stages
20/09/16 13:56:32 INFO DAGScheduler: running: Set()
20/09/16 13:56:32 INFO DAGScheduler: waiting: Set(ResultStage 4)
20/09/16 13:56:32 INFO DAGScheduler: failed: Set()
20/09/16 13:56:32 INFO DAGScheduler: Submitting ResultStage 4 (MapPartitionsRDD[24] at collect at utils.scala:114), which has no missing parents
20/09/16 13:56:32 INFO MemoryStore: Block broadcast_4 stored as values in memory (estimated size 7.3 KB, free 912.2 MB)
20/09/16 13:56:32 INFO MemoryStore: Block broadcast_4_piece0 stored as bytes in memory (estimated size 3.9 KB, free 912.2 MB)
20/09/16 13:56:32 INFO BlockManagerInfo: Added broadcast_4_piece0 in memory on localhost:49173 (size: 3.9 KB, free: 912.3 MB)
20/09/16 13:56:32 INFO SparkContext: Created broadcast 4 from broadcast at DAGScheduler.scala:1163
20/09/16 13:56:32 INFO DAGScheduler: Submitting 1 missing tasks from ResultStage 4 (MapPartitionsRDD[24] at collect at utils.scala:114) (first 15 tasks are for partitions Vector(0))
20/09/16 13:56:32 INFO TaskSchedulerImpl: Adding task set 4.0 with 1 tasks
20/09/16 13:56:32 INFO TaskSetManager: Starting task 0.0 in stage 4.0 (TID 4, localhost, executor driver, partition 0, NODE_LOCAL, 7767 bytes)
20/09/16 13:56:32 INFO Executor: Running task 0.0 in stage 4.0 (TID 4)
20/09/16 13:56:32 INFO ShuffleBlockFetcherIterator: Getting 1 non-empty blocks including 1 local blocks and 0 remote blocks
20/09/16 13:56:32 INFO ShuffleBlockFetcherIterator: Started 0 remote fetches in 1 ms
20/09/16 13:56:32 INFO Executor: Finished task 0.0 in stage 4.0 (TID 4). 1782 bytes result sent to driver
20/09/16 13:56:32 INFO TaskSetManager: Finished task 0.0 in stage 4.0 (TID 4) in 11 ms on localhost (executor driver) (1/1)
20/09/16 13:56:32 INFO TaskSchedulerImpl: Removed TaskSet 4.0, whose tasks have all completed, from pool 
20/09/16 13:56:32 INFO DAGScheduler: ResultStage 4 (collect at utils.scala:114) finished in 0.032 s
20/09/16 13:56:32 INFO DAGScheduler: Job 2 finished: collect at utils.scala:114, took 0.103122 s
20/09/16 13:56:32 INFO CodeGenerator: Code generated in 86.009312 ms
20/09/16 13:56:32 INFO ContextCleaner: Cleaned accumulator 85
20/09/16 13:56:32 INFO ContextCleaner: Cleaned accumulator 141
20/09/16 13:56:32 INFO ContextCleaner: Cleaned accumulator 131
20/09/16 13:56:32 INFO ContextCleaner: Cleaned accumulator 137
20/09/16 13:56:32 INFO ContextCleaner: Cleaned accumulator 31
20/09/16 13:56:32 INFO ContextCleaner: Cleaned accumulator 76
20/09/16 13:56:32 INFO ContextCleaner: Cleaned accumulator 42
20/09/16 13:56:32 INFO ContextCleaner: Cleaned accumulator 160
20/09/16 13:56:32 INFO ContextCleaner: Cleaned accumulator 80
20/09/16 13:56:32 INFO ContextCleaner: Cleaned accumulator 153
20/09/16 13:56:32 INFO ContextCleaner: Cleaned accumulator 77
20/09/16 13:56:32 INFO BlockManagerInfo: Removed broadcast_3_piece0 on localhost:49173 in memory (size: 12.8 KB, free: 912.3 MB)
20/09/16 13:56:32 INFO ContextCleaner: Cleaned accumulator 27
20/09/16 13:56:32 INFO ContextCleaner: Cleaned accumulator 57
20/09/16 13:56:32 INFO ContextCleaner: Cleaned accumulator 66
20/09/16 13:56:32 INFO ContextCleaner: Cleaned accumulator 55
20/09/16 13:56:32 INFO ContextCleaner: Cleaned accumulator 127
20/09/16 13:56:32 INFO ContextCleaner: Cleaned accumulator 90
20/09/16 13:56:32 INFO ContextCleaner: Cleaned accumulator 36
20/09/16 13:56:32 INFO ContextCleaner: Cleaned accumulator 34
20/09/16 13:56:32 INFO ContextCleaner: Cleaned accumulator 87
20/09/16 13:56:32 INFO ContextCleaner: Cleaned accumulator 147
20/09/16 13:56:32 INFO ContextCleaner: Cleaned accumulator 122
20/09/16 13:56:32 INFO ContextCleaner: Cleaned accumulator 47
20/09/16 13:56:32 INFO ContextCleaner: Cleaned accumulator 92
20/09/16 13:56:32 INFO ContextCleaner: Cleaned shuffle 0
20/09/16 13:56:32 INFO ContextCleaner: Cleaned accumulator 30
20/09/16 13:56:32 INFO ContextCleaner: Cleaned accumulator 71
20/09/16 13:56:32 INFO ContextCleaner: Cleaned accumulator 138
20/09/16 13:56:32 INFO ContextCleaner: Cleaned accumulator 111
20/09/16 13:56:32 INFO ContextCleaner: Cleaned accumulator 135
20/09/16 13:56:32 INFO ContextCleaner: Cleaned accumulator 149
20/09/16 13:56:32 INFO ContextCleaner: Cleaned accumulator 41
20/09/16 13:56:32 INFO ContextCleaner: Cleaned accumulator 113
20/09/16 13:56:32 INFO ContextCleaner: Cleaned accumulator 40
20/09/16 13:56:32 INFO ContextCleaner: Cleaned accumulator 133
20/09/16 13:56:32 INFO ContextCleaner: Cleaned accumulator 45
20/09/16 13:56:32 INFO ContextCleaner: Cleaned accumulator 94
20/09/16 13:56:32 INFO ContextCleaner: Cleaned accumulator 74
20/09/16 13:56:32 INFO ContextCleaner: Cleaned accumulator 89
20/09/16 13:56:32 INFO ContextCleaner: Cleaned accumulator 110
20/09/16 13:56:32 INFO ContextCleaner: Cleaned accumulator 93
20/09/16 13:56:32 INFO ContextCleaner: Cleaned accumulator 61
20/09/16 13:56:32 INFO ContextCleaner: Cleaned accumulator 157
20/09/16 13:56:32 INFO ContextCleaner: Cleaned accumulator 117
20/09/16 13:56:32 INFO BlockManagerInfo: Removed broadcast_1_piece0 on localhost:49173 in memory (size: 12.8 KB, free: 912.3 MB)
20/09/16 13:56:32 INFO ContextCleaner: Cleaned accumulator 73
20/09/16 13:56:32 INFO ContextCleaner: Cleaned accumulator 56
20/09/16 13:56:32 INFO ContextCleaner: Cleaned accumulator 54
20/09/16 13:56:32 INFO ContextCleaner: Cleaned accumulator 139
20/09/16 13:56:32 INFO ContextCleaner: Cleaned accumulator 112
20/09/16 13:56:32 INFO ContextCleaner: Cleaned accumulator 114
20/09/16 13:56:32 INFO ContextCleaner: Cleaned accumulator 88
20/09/16 13:56:32 INFO ContextCleaner: Cleaned accumulator 134
20/09/16 13:56:32 INFO ContextCleaner: Cleaned accumulator 146
20/09/16 13:56:32 INFO ContextCleaner: Cleaned accumulator 128
20/09/16 13:56:32 INFO ContextCleaner: Cleaned accumulator 51
20/09/16 13:56:32 INFO ContextCleaner: Cleaned accumulator 152
20/09/16 13:56:32 INFO ContextCleaner: Cleaned accumulator 143
20/09/16 13:56:32 INFO ContextCleaner: Cleaned accumulator 121
20/09/16 13:56:32 INFO ContextCleaner: Cleaned accumulator 158
20/09/16 13:56:32 INFO ContextCleaner: Cleaned accumulator 32
20/09/16 13:56:32 INFO ContextCleaner: Cleaned accumulator 86
20/09/16 13:56:32 INFO ContextCleaner: Cleaned accumulator 29
20/09/16 13:56:32 INFO ContextCleaner: Cleaned accumulator 140
20/09/16 13:56:32 INFO ContextCleaner: Cleaned accumulator 46
20/09/16 13:56:32 INFO ContextCleaner: Cleaned accumulator 136
20/09/16 13:56:32 INFO ContextCleaner: Cleaned accumulator 142
20/09/16 13:56:32 INFO ContextCleaner: Cleaned accumulator 145
20/09/16 13:56:32 INFO ContextCleaner: Cleaned accumulator 39
20/09/16 13:56:32 INFO ContextCleaner: Cleaned accumulator 129
20/09/16 13:56:32 INFO ContextCleaner: Cleaned accumulator 119
20/09/16 13:56:32 INFO ContextCleaner: Cleaned accumulator 118
20/09/16 13:56:32 INFO ContextCleaner: Cleaned accumulator 125
20/09/16 13:56:32 INFO ContextCleaner: Cleaned accumulator 72
20/09/16 13:56:32 INFO ContextCleaner: Cleaned accumulator 83
20/09/16 13:56:32 INFO ContextCleaner: Cleaned accumulator 115
20/09/16 13:56:32 INFO ContextCleaner: Cleaned accumulator 155
20/09/16 13:56:32 INFO ContextCleaner: Cleaned accumulator 156
20/09/16 13:56:32 INFO ContextCleaner: Cleaned accumulator 81
20/09/16 13:56:32 INFO ContextCleaner: Cleaned accumulator 116
20/09/16 13:56:32 INFO ContextCleaner: Cleaned accumulator 50
20/09/16 13:56:32 INFO ContextCleaner: Cleaned accumulator 150
20/09/16 13:56:32 INFO BlockManagerInfo: Removed broadcast_2_piece0 on localhost:49173 in memory (size: 3.9 KB, free: 912.3 MB)
20/09/16 13:56:32 INFO ContextCleaner: Cleaned accumulator 53
20/09/16 13:56:32 INFO ContextCleaner: Cleaned accumulator 130
20/09/16 13:56:32 INFO ContextCleaner: Cleaned accumulator 91
20/09/16 13:56:32 INFO ContextCleaner: Cleaned accumulator 79
20/09/16 13:56:32 INFO ContextCleaner: Cleaned accumulator 151
20/09/16 13:56:32 INFO ContextCleaner: Cleaned accumulator 65
20/09/16 13:56:32 INFO ContextCleaner: Cleaned accumulator 59
20/09/16 13:56:32 INFO ContextCleaner: Cleaned accumulator 63
20/09/16 13:56:32 INFO ContextCleaner: Cleaned accumulator 148
20/09/16 13:56:32 INFO ContextCleaner: Cleaned accumulator 64
20/09/16 13:56:32 INFO ContextCleaner: Cleaned accumulator 60
20/09/16 13:56:32 INFO ContextCleaner: Cleaned accumulator 52
20/09/16 13:56:32 INFO ContextCleaner: Cleaned accumulator 58
20/09/16 13:56:32 INFO ContextCleaner: Cleaned accumulator 37
20/09/16 13:56:32 INFO ContextCleaner: Cleaned accumulator 75
20/09/16 13:56:32 INFO BlockManagerInfo: Removed broadcast_4_piece0 on localhost:49173 in memory (size: 3.9 KB, free: 912.3 MB)
20/09/16 13:56:32 INFO ContextCleaner: Cleaned accumulator 33
20/09/16 13:56:32 INFO ContextCleaner: Cleaned accumulator 44
20/09/16 13:56:32 INFO ContextCleaner: Cleaned accumulator 123
20/09/16 13:56:32 INFO ContextCleaner: Cleaned accumulator 144
20/09/16 13:56:32 INFO ContextCleaner: Cleaned accumulator 49
20/09/16 13:56:32 INFO ContextCleaner: Cleaned accumulator 38
20/09/16 13:56:32 INFO ContextCleaner: Cleaned accumulator 84
20/09/16 13:56:32 INFO ContextCleaner: Cleaned accumulator 62
20/09/16 13:56:32 INFO ContextCleaner: Cleaned accumulator 70
20/09/16 13:56:32 INFO ContextCleaner: Cleaned accumulator 78
20/09/16 13:56:32 INFO ContextCleaner: Cleaned accumulator 120
20/09/16 13:56:32 INFO ContextCleaner: Cleaned accumulator 132
20/09/16 13:56:32 INFO ContextCleaner: Cleaned accumulator 126
20/09/16 13:56:32 INFO ContextCleaner: Cleaned accumulator 67
20/09/16 13:56:32 INFO ContextCleaner: Cleaned accumulator 124
20/09/16 13:56:32 INFO ContextCleaner: Cleaned accumulator 154
20/09/16 13:56:32 INFO ContextCleaner: Cleaned accumulator 68
20/09/16 13:56:32 INFO ContextCleaner: Cleaned accumulator 159
20/09/16 13:56:32 INFO ContextCleaner: Cleaned accumulator 69
20/09/16 13:56:32 INFO ContextCleaner: Cleaned accumulator 48
20/09/16 13:56:32 INFO ContextCleaner: Cleaned accumulator 28
20/09/16 13:56:32 INFO ContextCleaner: Cleaned accumulator 82
20/09/16 13:56:32 INFO ContextCleaner: Cleaned accumulator 35
20/09/16 13:56:32 INFO CodeGenerator: Code generated in 149.020998 ms
20/09/16 13:56:32 INFO SparkContext: Starting job: count at utils.scala:114
20/09/16 13:56:32 INFO DAGScheduler: Registering RDD 28 (count at utils.scala:114) as input to shuffle 2
20/09/16 13:56:32 INFO DAGScheduler: Got job 3 (count at utils.scala:114) with 1 output partitions
20/09/16 13:56:32 INFO DAGScheduler: Final stage: ResultStage 6 (count at utils.scala:114)
20/09/16 13:56:32 INFO DAGScheduler: Parents of final stage: List(ShuffleMapStage 5)
20/09/16 13:56:32 INFO DAGScheduler: Missing parents: List(ShuffleMapStage 5)
20/09/16 13:56:32 INFO DAGScheduler: Submitting ShuffleMapStage 5 (MapPartitionsRDD[28] at count at utils.scala:114), which has no missing parents
20/09/16 13:56:32 INFO MemoryStore: Block broadcast_5 stored as values in memory (estimated size 27.8 KB, free 912.3 MB)
20/09/16 13:56:32 INFO MemoryStore: Block broadcast_5_piece0 stored as bytes in memory (estimated size 11.8 KB, free 912.3 MB)
20/09/16 13:56:32 INFO BlockManagerInfo: Added broadcast_5_piece0 in memory on localhost:49173 (size: 11.8 KB, free: 912.3 MB)
20/09/16 13:56:32 INFO SparkContext: Created broadcast 5 from broadcast at DAGScheduler.scala:1163
20/09/16 13:56:32 INFO DAGScheduler: Submitting 1 missing tasks from ShuffleMapStage 5 (MapPartitionsRDD[28] at count at utils.scala:114) (first 15 tasks are for partitions Vector(0))
20/09/16 13:56:32 INFO TaskSchedulerImpl: Adding task set 5.0 with 1 tasks
20/09/16 13:56:32 INFO TaskSetManager: Starting task 0.0 in stage 5.0 (TID 5, localhost, executor driver, partition 0, PROCESS_LOCAL, 9157 bytes)
20/09/16 13:56:32 INFO Executor: Running task 0.0 in stage 5.0 (TID 5)
20/09/16 13:56:32 INFO BlockManager: Found block rdd_10_0 locally
20/09/16 13:56:32 INFO Executor: Finished task 0.0 in stage 5.0 (TID 5). 2061 bytes result sent to driver
20/09/16 13:56:32 INFO TaskSetManager: Finished task 0.0 in stage 5.0 (TID 5) in 22 ms on localhost (executor driver) (1/1)
20/09/16 13:56:32 INFO TaskSchedulerImpl: Removed TaskSet 5.0, whose tasks have all completed, from pool 
20/09/16 13:56:32 INFO DAGScheduler: ShuffleMapStage 5 (count at utils.scala:114) finished in 0.035 s
20/09/16 13:56:32 INFO DAGScheduler: looking for newly runnable stages
20/09/16 13:56:32 INFO DAGScheduler: running: Set()
20/09/16 13:56:32 INFO DAGScheduler: waiting: Set(ResultStage 6)
20/09/16 13:56:32 INFO DAGScheduler: failed: Set()
20/09/16 13:56:32 INFO DAGScheduler: Submitting ResultStage 6 (MapPartitionsRDD[31] at count at utils.scala:114), which has no missing parents
20/09/16 13:56:32 INFO MemoryStore: Block broadcast_6 stored as values in memory (estimated size 9.3 KB, free 912.2 MB)
20/09/16 13:56:32 INFO MemoryStore: Block broadcast_6_piece0 stored as bytes in memory (estimated size 4.2 KB, free 912.2 MB)
20/09/16 13:56:32 INFO BlockManagerInfo: Added broadcast_6_piece0 in memory on localhost:49173 (size: 4.2 KB, free: 912.3 MB)
20/09/16 13:56:32 INFO SparkContext: Created broadcast 6 from broadcast at DAGScheduler.scala:1163
20/09/16 13:56:32 INFO DAGScheduler: Submitting 1 missing tasks from ResultStage 6 (MapPartitionsRDD[31] at count at utils.scala:114) (first 15 tasks are for partitions Vector(0))
20/09/16 13:56:32 INFO TaskSchedulerImpl: Adding task set 6.0 with 1 tasks
20/09/16 13:56:32 INFO TaskSetManager: Starting task 0.0 in stage 6.0 (TID 6, localhost, executor driver, partition 0, NODE_LOCAL, 7767 bytes)
20/09/16 13:56:32 INFO Executor: Running task 0.0 in stage 6.0 (TID 6)
20/09/16 13:56:32 INFO ShuffleBlockFetcherIterator: Getting 1 non-empty blocks including 1 local blocks and 0 remote blocks
20/09/16 13:56:32 INFO ShuffleBlockFetcherIterator: Started 0 remote fetches in 0 ms
20/09/16 13:56:32 INFO Executor: Finished task 0.0 in stage 6.0 (TID 6). 2098 bytes result sent to driver
20/09/16 13:56:32 INFO TaskSetManager: Finished task 0.0 in stage 6.0 (TID 6) in 20 ms on localhost (executor driver) (1/1)
20/09/16 13:56:32 INFO TaskSchedulerImpl: Removed TaskSet 6.0, whose tasks have all completed, from pool 
20/09/16 13:56:32 INFO DAGScheduler: ResultStage 6 (count at utils.scala:114) finished in 0.031 s
20/09/16 13:56:32 INFO DAGScheduler: Job 3 finished: count at utils.scala:114, took 0.080652 s
20/09/16 13:56:34 INFO HiveMetaStore: 0: get_database: default
20/09/16 13:56:34 INFO audit: ugi=user	ip=unknown-ip-addr	cmd=get_database: default	
20/09/16 13:56:34 INFO HiveMetaStore: 0: get_database: default
20/09/16 13:56:34 INFO audit: ugi=user	ip=unknown-ip-addr	cmd=get_database: default	
20/09/16 13:56:34 INFO HiveMetaStore: 0: get_tables: db=default pat=*
20/09/16 13:56:34 INFO audit: ugi=user	ip=unknown-ip-addr	cmd=get_tables: db=default pat=*	
20/09/16 13:56:34 INFO CodeGenerator: Code generated in 179.350707 ms
20/09/16 13:56:34 INFO CodeGenerator: Code generated in 77.855831 ms
20/09/16 13:56:34 INFO CodeGenerator: Code generated in 25.841327 ms
20/09/16 13:56:34 INFO CodeGenerator: Code generated in 14.390902 ms
20/09/16 13:56:35 INFO SparkContext: Starting job: count at utils.scala:114
20/09/16 13:56:35 INFO DAGScheduler: Registering RDD 35 (count at utils.scala:114) as input to shuffle 3
20/09/16 13:56:35 INFO DAGScheduler: Got job 4 (count at utils.scala:114) with 1 output partitions
20/09/16 13:56:35 INFO DAGScheduler: Final stage: ResultStage 8 (count at utils.scala:114)
20/09/16 13:56:35 INFO DAGScheduler: Parents of final stage: List(ShuffleMapStage 7)
20/09/16 13:56:35 INFO DAGScheduler: Missing parents: List(ShuffleMapStage 7)
20/09/16 13:56:35 INFO DAGScheduler: Submitting ShuffleMapStage 7 (MapPartitionsRDD[35] at count at utils.scala:114), which has no missing parents
20/09/16 13:56:35 INFO MemoryStore: Block broadcast_7 stored as values in memory (estimated size 8.0 KB, free 912.2 MB)
20/09/16 13:56:35 INFO MemoryStore: Block broadcast_7_piece0 stored as bytes in memory (estimated size 4.3 KB, free 912.2 MB)
20/09/16 13:56:35 INFO BlockManagerInfo: Added broadcast_7_piece0 in memory on localhost:49173 (size: 4.3 KB, free: 912.3 MB)
20/09/16 13:56:35 INFO SparkContext: Created broadcast 7 from broadcast at DAGScheduler.scala:1163
20/09/16 13:56:35 INFO DAGScheduler: Submitting 1 missing tasks from ShuffleMapStage 7 (MapPartitionsRDD[35] at count at utils.scala:114) (first 15 tasks are for partitions Vector(0))
20/09/16 13:56:35 INFO TaskSchedulerImpl: Adding task set 7.0 with 1 tasks
20/09/16 13:56:35 INFO TaskSetManager: Starting task 0.0 in stage 7.0 (TID 7, localhost, executor driver, partition 0, PROCESS_LOCAL, 8017 bytes)
20/09/16 13:56:35 INFO Executor: Running task 0.0 in stage 7.0 (TID 7)
20/09/16 13:56:35 INFO Executor: Finished task 0.0 in stage 7.0 (TID 7). 1499 bytes result sent to driver
20/09/16 13:56:35 INFO TaskSetManager: Finished task 0.0 in stage 7.0 (TID 7) in 22 ms on localhost (executor driver) (1/1)
20/09/16 13:56:35 INFO TaskSchedulerImpl: Removed TaskSet 7.0, whose tasks have all completed, from pool 
20/09/16 13:56:35 INFO DAGScheduler: ShuffleMapStage 7 (count at utils.scala:114) finished in 0.039 s
20/09/16 13:56:35 INFO DAGScheduler: looking for newly runnable stages
20/09/16 13:56:35 INFO DAGScheduler: running: Set()
20/09/16 13:56:35 INFO DAGScheduler: waiting: Set(ResultStage 8)
20/09/16 13:56:35 INFO DAGScheduler: failed: Set()
20/09/16 13:56:35 INFO DAGScheduler: Submitting ResultStage 8 (MapPartitionsRDD[38] at count at utils.scala:114), which has no missing parents
20/09/16 13:56:35 INFO MemoryStore: Block broadcast_8 stored as values in memory (estimated size 7.3 KB, free 912.2 MB)
20/09/16 13:56:35 INFO MemoryStore: Block broadcast_8_piece0 stored as bytes in memory (estimated size 3.9 KB, free 912.2 MB)
20/09/16 13:56:35 INFO BlockManagerInfo: Added broadcast_8_piece0 in memory on localhost:49173 (size: 3.9 KB, free: 912.3 MB)
20/09/16 13:56:35 INFO SparkContext: Created broadcast 8 from broadcast at DAGScheduler.scala:1163
20/09/16 13:56:35 INFO DAGScheduler: Submitting 1 missing tasks from ResultStage 8 (MapPartitionsRDD[38] at count at utils.scala:114) (first 15 tasks are for partitions Vector(0))
20/09/16 13:56:35 INFO TaskSchedulerImpl: Adding task set 8.0 with 1 tasks
20/09/16 13:56:35 INFO TaskSetManager: Starting task 0.0 in stage 8.0 (TID 8, localhost, executor driver, partition 0, NODE_LOCAL, 7767 bytes)
20/09/16 13:56:35 INFO Executor: Running task 0.0 in stage 8.0 (TID 8)
20/09/16 13:56:35 INFO ShuffleBlockFetcherIterator: Getting 1 non-empty blocks including 1 local blocks and 0 remote blocks
20/09/16 13:56:35 INFO ShuffleBlockFetcherIterator: Started 0 remote fetches in 0 ms
20/09/16 13:56:35 INFO Executor: Finished task 0.0 in stage 8.0 (TID 8). 1782 bytes result sent to driver
20/09/16 13:56:35 INFO TaskSetManager: Finished task 0.0 in stage 8.0 (TID 8) in 20 ms on localhost (executor driver) (1/1)
20/09/16 13:56:35 INFO TaskSchedulerImpl: Removed TaskSet 8.0, whose tasks have all completed, from pool 
20/09/16 13:56:35 INFO DAGScheduler: ResultStage 8 (count at utils.scala:114) finished in 0.035 s
20/09/16 13:56:35 INFO DAGScheduler: Job 4 finished: count at utils.scala:114, took 0.082987 s
20/09/16 13:56:35 INFO HiveMetaStore: 0: get_database: default
20/09/16 13:56:35 INFO audit: ugi=user	ip=unknown-ip-addr	cmd=get_database: default	
20/09/16 13:56:35 INFO HiveMetaStore: 0: get_database: default
20/09/16 13:56:35 INFO audit: ugi=user	ip=unknown-ip-addr	cmd=get_database: default	
20/09/16 13:56:35 INFO HiveMetaStore: 0: get_tables: db=default pat=*
20/09/16 13:56:35 INFO audit: ugi=user	ip=unknown-ip-addr	cmd=get_tables: db=default pat=*	
20/09/16 13:56:35 INFO SparkContext: Starting job: count at utils.scala:114
20/09/16 13:56:35 INFO DAGScheduler: Registering RDD 42 (count at utils.scala:114) as input to shuffle 4
20/09/16 13:56:35 INFO DAGScheduler: Got job 5 (count at utils.scala:114) with 1 output partitions
20/09/16 13:56:35 INFO DAGScheduler: Final stage: ResultStage 10 (count at utils.scala:114)
20/09/16 13:56:35 INFO DAGScheduler: Parents of final stage: List(ShuffleMapStage 9)
20/09/16 13:56:35 INFO DAGScheduler: Missing parents: List(ShuffleMapStage 9)
20/09/16 13:56:35 INFO DAGScheduler: Submitting ShuffleMapStage 9 (MapPartitionsRDD[42] at count at utils.scala:114), which has no missing parents
20/09/16 13:56:35 INFO MemoryStore: Block broadcast_9 stored as values in memory (estimated size 8.0 KB, free 912.2 MB)
20/09/16 13:56:35 INFO MemoryStore: Block broadcast_9_piece0 stored as bytes in memory (estimated size 4.3 KB, free 912.2 MB)
20/09/16 13:56:35 INFO BlockManagerInfo: Added broadcast_9_piece0 in memory on localhost:49173 (size: 4.3 KB, free: 912.3 MB)
20/09/16 13:56:35 INFO SparkContext: Created broadcast 9 from broadcast at DAGScheduler.scala:1163
20/09/16 13:56:35 INFO DAGScheduler: Submitting 1 missing tasks from ShuffleMapStage 9 (MapPartitionsRDD[42] at count at utils.scala:114) (first 15 tasks are for partitions Vector(0))
20/09/16 13:56:35 INFO TaskSchedulerImpl: Adding task set 9.0 with 1 tasks
20/09/16 13:56:35 INFO TaskSetManager: Starting task 0.0 in stage 9.0 (TID 9, localhost, executor driver, partition 0, PROCESS_LOCAL, 8017 bytes)
20/09/16 13:56:35 INFO Executor: Running task 0.0 in stage 9.0 (TID 9)
20/09/16 13:56:35 INFO Executor: Finished task 0.0 in stage 9.0 (TID 9). 1499 bytes result sent to driver
20/09/16 13:56:35 INFO TaskSetManager: Finished task 0.0 in stage 9.0 (TID 9) in 10 ms on localhost (executor driver) (1/1)
20/09/16 13:56:35 INFO TaskSchedulerImpl: Removed TaskSet 9.0, whose tasks have all completed, from pool 
20/09/16 13:56:35 INFO DAGScheduler: ShuffleMapStage 9 (count at utils.scala:114) finished in 0.020 s
20/09/16 13:56:35 INFO DAGScheduler: looking for newly runnable stages
20/09/16 13:56:35 INFO DAGScheduler: running: Set()
20/09/16 13:56:35 INFO DAGScheduler: waiting: Set(ResultStage 10)
20/09/16 13:56:35 INFO DAGScheduler: failed: Set()
20/09/16 13:56:35 INFO DAGScheduler: Submitting ResultStage 10 (MapPartitionsRDD[45] at count at utils.scala:114), which has no missing parents
20/09/16 13:56:35 INFO MemoryStore: Block broadcast_10 stored as values in memory (estimated size 7.3 KB, free 912.2 MB)
20/09/16 13:56:35 INFO MemoryStore: Block broadcast_10_piece0 stored as bytes in memory (estimated size 3.9 KB, free 912.2 MB)
20/09/16 13:56:35 INFO BlockManagerInfo: Added broadcast_10_piece0 in memory on localhost:49173 (size: 3.9 KB, free: 912.3 MB)
20/09/16 13:56:35 INFO SparkContext: Created broadcast 10 from broadcast at DAGScheduler.scala:1163
20/09/16 13:56:35 INFO DAGScheduler: Submitting 1 missing tasks from ResultStage 10 (MapPartitionsRDD[45] at count at utils.scala:114) (first 15 tasks are for partitions Vector(0))
20/09/16 13:56:35 INFO TaskSchedulerImpl: Adding task set 10.0 with 1 tasks
20/09/16 13:56:35 INFO TaskSetManager: Starting task 0.0 in stage 10.0 (TID 10, localhost, executor driver, partition 0, NODE_LOCAL, 7767 bytes)
20/09/16 13:56:35 INFO Executor: Running task 0.0 in stage 10.0 (TID 10)
20/09/16 13:56:35 INFO ShuffleBlockFetcherIterator: Getting 1 non-empty blocks including 1 local blocks and 0 remote blocks
20/09/16 13:56:35 INFO ShuffleBlockFetcherIterator: Started 0 remote fetches in 0 ms
20/09/16 13:56:35 INFO Executor: Finished task 0.0 in stage 10.0 (TID 10). 1825 bytes result sent to driver
20/09/16 13:56:35 INFO TaskSetManager: Finished task 0.0 in stage 10.0 (TID 10) in 9 ms on localhost (executor driver) (1/1)
20/09/16 13:56:35 INFO TaskSchedulerImpl: Removed TaskSet 10.0, whose tasks have all completed, from pool 
20/09/16 13:56:35 INFO DAGScheduler: ResultStage 10 (count at utils.scala:114) finished in 0.021 s
20/09/16 13:56:35 INFO DAGScheduler: Job 5 finished: count at utils.scala:114, took 0.054432 s
20/09/16 13:56:35 INFO HiveMetaStore: 0: get_database: default
20/09/16 13:56:35 INFO audit: ugi=user	ip=unknown-ip-addr	cmd=get_database: default	
20/09/16 13:56:35 INFO HiveMetaStore: 0: get_database: default
20/09/16 13:56:35 INFO audit: ugi=user	ip=unknown-ip-addr	cmd=get_database: default	
20/09/16 13:56:35 INFO HiveMetaStore: 0: get_tables: db=default pat=*
20/09/16 13:56:35 INFO audit: ugi=user	ip=unknown-ip-addr	cmd=get_tables: db=default pat=*	
20/09/16 13:56:35 INFO SparkContext: Starting job: count at utils.scala:114
20/09/16 13:56:35 INFO DAGScheduler: Registering RDD 49 (count at utils.scala:114) as input to shuffle 5
20/09/16 13:56:35 INFO DAGScheduler: Got job 6 (count at utils.scala:114) with 1 output partitions
20/09/16 13:56:35 INFO DAGScheduler: Final stage: ResultStage 12 (count at utils.scala:114)
20/09/16 13:56:35 INFO DAGScheduler: Parents of final stage: List(ShuffleMapStage 11)
20/09/16 13:56:35 INFO DAGScheduler: Missing parents: List(ShuffleMapStage 11)
20/09/16 13:56:35 INFO DAGScheduler: Submitting ShuffleMapStage 11 (MapPartitionsRDD[49] at count at utils.scala:114), which has no missing parents
20/09/16 13:56:35 INFO MemoryStore: Block broadcast_11 stored as values in memory (estimated size 8.0 KB, free 912.2 MB)
20/09/16 13:56:35 INFO MemoryStore: Block broadcast_11_piece0 stored as bytes in memory (estimated size 4.3 KB, free 912.2 MB)
20/09/16 13:56:35 INFO BlockManagerInfo: Added broadcast_11_piece0 in memory on localhost:49173 (size: 4.3 KB, free: 912.3 MB)
20/09/16 13:56:35 INFO SparkContext: Created broadcast 11 from broadcast at DAGScheduler.scala:1163
20/09/16 13:56:35 INFO DAGScheduler: Submitting 1 missing tasks from ShuffleMapStage 11 (MapPartitionsRDD[49] at count at utils.scala:114) (first 15 tasks are for partitions Vector(0))
20/09/16 13:56:35 INFO TaskSchedulerImpl: Adding task set 11.0 with 1 tasks
20/09/16 13:56:35 INFO TaskSetManager: Starting task 0.0 in stage 11.0 (TID 11, localhost, executor driver, partition 0, PROCESS_LOCAL, 8017 bytes)
20/09/16 13:56:35 INFO Executor: Running task 0.0 in stage 11.0 (TID 11)
20/09/16 13:56:35 INFO Executor: Finished task 0.0 in stage 11.0 (TID 11). 1542 bytes result sent to driver
20/09/16 13:56:35 INFO TaskSetManager: Finished task 0.0 in stage 11.0 (TID 11) in 18 ms on localhost (executor driver) (1/1)
20/09/16 13:56:35 INFO TaskSchedulerImpl: Removed TaskSet 11.0, whose tasks have all completed, from pool 
20/09/16 13:56:35 INFO DAGScheduler: ShuffleMapStage 11 (count at utils.scala:114) finished in 0.029 s
20/09/16 13:56:35 INFO DAGScheduler: looking for newly runnable stages
20/09/16 13:56:35 INFO DAGScheduler: running: Set()
20/09/16 13:56:35 INFO DAGScheduler: waiting: Set(ResultStage 12)
20/09/16 13:56:35 INFO DAGScheduler: failed: Set()
20/09/16 13:56:35 INFO DAGScheduler: Submitting ResultStage 12 (MapPartitionsRDD[52] at count at utils.scala:114), which has no missing parents
20/09/16 13:56:35 INFO MemoryStore: Block broadcast_12 stored as values in memory (estimated size 7.3 KB, free 912.2 MB)
20/09/16 13:56:35 INFO MemoryStore: Block broadcast_12_piece0 stored as bytes in memory (estimated size 3.9 KB, free 912.2 MB)
20/09/16 13:56:35 INFO BlockManagerInfo: Added broadcast_12_piece0 in memory on localhost:49173 (size: 3.9 KB, free: 912.3 MB)
20/09/16 13:56:35 INFO SparkContext: Created broadcast 12 from broadcast at DAGScheduler.scala:1163
20/09/16 13:56:35 INFO DAGScheduler: Submitting 1 missing tasks from ResultStage 12 (MapPartitionsRDD[52] at count at utils.scala:114) (first 15 tasks are for partitions Vector(0))
20/09/16 13:56:35 INFO TaskSchedulerImpl: Adding task set 12.0 with 1 tasks
20/09/16 13:56:36 INFO TaskSetManager: Starting task 0.0 in stage 12.0 (TID 12, localhost, executor driver, partition 0, NODE_LOCAL, 7767 bytes)
20/09/16 13:56:36 INFO Executor: Running task 0.0 in stage 12.0 (TID 12)
20/09/16 13:56:36 INFO ShuffleBlockFetcherIterator: Getting 1 non-empty blocks including 1 local blocks and 0 remote blocks
20/09/16 13:56:36 INFO ShuffleBlockFetcherIterator: Started 0 remote fetches in 0 ms
20/09/16 13:56:36 INFO Executor: Finished task 0.0 in stage 12.0 (TID 12). 1782 bytes result sent to driver
20/09/16 13:56:36 INFO TaskSetManager: Finished task 0.0 in stage 12.0 (TID 12) in 11 ms on localhost (executor driver) (1/1)
20/09/16 13:56:36 INFO TaskSchedulerImpl: Removed TaskSet 12.0, whose tasks have all completed, from pool 
20/09/16 13:56:36 INFO DAGScheduler: ResultStage 12 (count at utils.scala:114) finished in 0.023 s
20/09/16 13:56:36 INFO DAGScheduler: Job 6 finished: count at utils.scala:114, took 0.061033 s
20/09/16 14:25:33 INFO ContextCleaner: Cleaned accumulator 12
20/09/16 14:25:33 INFO ContextCleaner: Cleaned accumulator 282
20/09/16 14:25:33 INFO ContextCleaner: Cleaned accumulator 302
20/09/16 14:25:33 INFO ContextCleaner: Cleaned accumulator 180
20/09/16 14:25:33 INFO ContextCleaner: Cleaned accumulator 226
20/09/16 14:25:33 INFO ContextCleaner: Cleaned accumulator 184
20/09/16 14:25:33 INFO ContextCleaner: Cleaned accumulator 328
20/09/16 14:25:33 INFO ContextCleaner: Cleaned accumulator 193
20/09/16 14:25:33 INFO BlockManagerInfo: Removed broadcast_5_piece0 on localhost:49173 in memory (size: 11.8 KB, free: 912.3 MB)
20/09/16 14:25:33 INFO ContextCleaner: Cleaned accumulator 217
20/09/16 14:25:33 INFO ContextCleaner: Cleaned accumulator 214
20/09/16 14:25:33 INFO ContextCleaner: Cleaned accumulator 409
20/09/16 14:25:33 INFO ContextCleaner: Cleaned accumulator 352
20/09/16 14:25:33 INFO ContextCleaner: Cleaned accumulator 391
20/09/16 14:25:33 INFO ContextCleaner: Cleaned accumulator 181
20/09/16 14:25:33 INFO ContextCleaner: Cleaned accumulator 238
20/09/16 14:25:33 INFO BlockManagerInfo: Removed broadcast_12_piece0 on localhost:49173 in memory (size: 3.9 KB, free: 912.3 MB)
20/09/16 14:25:33 INFO ContextCleaner: Cleaned accumulator 387
20/09/16 14:25:33 INFO ContextCleaner: Cleaned accumulator 250
20/09/16 14:25:33 INFO ContextCleaner: Cleaned accumulator 331
20/09/16 14:25:33 INFO ContextCleaner: Cleaned accumulator 178
20/09/16 14:25:33 INFO ContextCleaner: Cleaned accumulator 281
20/09/16 14:25:33 INFO ContextCleaner: Cleaned accumulator 197
20/09/16 14:25:33 INFO ContextCleaner: Cleaned accumulator 242
20/09/16 14:25:33 INFO ContextCleaner: Cleaned accumulator 316
20/09/16 14:25:33 INFO BlockManagerInfo: Removed broadcast_11_piece0 on localhost:49173 in memory (size: 4.3 KB, free: 912.3 MB)
20/09/16 14:25:33 INFO ContextCleaner: Cleaned accumulator 403
20/09/16 14:25:33 INFO ContextCleaner: Cleaned accumulator 421
20/09/16 14:25:33 INFO ContextCleaner: Cleaned accumulator 416
20/09/16 14:25:33 INFO ContextCleaner: Cleaned accumulator 260
20/09/16 14:25:33 INFO ContextCleaner: Cleaned accumulator 356
20/09/16 14:25:33 INFO ContextCleaner: Cleaned accumulator 107
20/09/16 14:25:33 INFO ContextCleaner: Cleaned accumulator 323
20/09/16 14:25:33 INFO ContextCleaner: Cleaned accumulator 338
20/09/16 14:25:33 INFO ContextCleaner: Cleaned accumulator 231
20/09/16 14:25:33 INFO ContextCleaner: Cleaned accumulator 371
20/09/16 14:25:33 INFO ContextCleaner: Cleaned accumulator 170
20/09/16 14:25:33 INFO ContextCleaner: Cleaned accumulator 199
20/09/16 14:25:33 INFO ContextCleaner: Cleaned accumulator 314
20/09/16 14:25:33 INFO ContextCleaner: Cleaned accumulator 206
20/09/16 14:25:33 INFO ContextCleaner: Cleaned accumulator 239
20/09/16 14:25:33 INFO ContextCleaner: Cleaned accumulator 341
20/09/16 14:25:33 INFO ContextCleaner: Cleaned accumulator 277
20/09/16 14:25:33 INFO ContextCleaner: Cleaned accumulator 230
20/09/16 14:25:33 INFO ContextCleaner: Cleaned accumulator 212
20/09/16 14:25:33 INFO ContextCleaner: Cleaned accumulator 215
20/09/16 14:25:33 INFO ContextCleaner: Cleaned accumulator 236
20/09/16 14:25:33 INFO ContextCleaner: Cleaned accumulator 171
20/09/16 14:25:33 INFO ContextCleaner: Cleaned accumulator 216
20/09/16 14:25:33 INFO ContextCleaner: Cleaned accumulator 103
20/09/16 14:25:33 INFO ContextCleaner: Cleaned accumulator 335
20/09/16 14:25:33 INFO ContextCleaner: Cleaned accumulator 299
20/09/16 14:25:33 INFO ContextCleaner: Cleaned accumulator 411
20/09/16 14:25:33 INFO ContextCleaner: Cleaned accumulator 293
20/09/16 14:25:33 INFO ContextCleaner: Cleaned accumulator 342
20/09/16 14:25:33 INFO ContextCleaner: Cleaned accumulator 205
20/09/16 14:25:33 INFO ContextCleaner: Cleaned accumulator 418
20/09/16 14:25:33 INFO ContextCleaner: Cleaned accumulator 339
20/09/16 14:25:33 INFO ContextCleaner: Cleaned accumulator 381
20/09/16 14:25:33 INFO ContextCleaner: Cleaned accumulator 240
20/09/16 14:25:33 INFO ContextCleaner: Cleaned accumulator 363
20/09/16 14:25:33 INFO ContextCleaner: Cleaned accumulator 362
20/09/16 14:25:33 INFO ContextCleaner: Cleaned accumulator 283
20/09/16 14:25:33 INFO ContextCleaner: Cleaned accumulator 413
20/09/16 14:25:33 INFO ContextCleaner: Cleaned accumulator 415
20/09/16 14:25:33 INFO ContextCleaner: Cleaned accumulator 267
20/09/16 14:25:33 INFO ContextCleaner: Cleaned accumulator 169
20/09/16 14:25:33 INFO ContextCleaner: Cleaned accumulator 233
20/09/16 14:25:33 INFO ContextCleaner: Cleaned accumulator 218
20/09/16 14:25:33 INFO ContextCleaner: Cleaned accumulator 244
20/09/16 14:25:33 INFO ContextCleaner: Cleaned accumulator 398
20/09/16 14:25:33 INFO ContextCleaner: Cleaned accumulator 290
20/09/16 14:25:33 INFO ContextCleaner: Cleaned accumulator 264
20/09/16 14:25:33 INFO ContextCleaner: Cleaned accumulator 188
20/09/16 14:25:33 INFO ContextCleaner: Cleaned accumulator 406
20/09/16 14:25:33 INFO ContextCleaner: Cleaned accumulator 248
20/09/16 14:25:33 INFO ContextCleaner: Cleaned accumulator 427
20/09/16 14:25:33 INFO ContextCleaner: Cleaned accumulator 165
20/09/16 14:25:33 INFO ContextCleaner: Cleaned accumulator 208
20/09/16 14:25:33 INFO ContextCleaner: Cleaned accumulator 207
20/09/16 14:25:33 INFO ContextCleaner: Cleaned accumulator 105
20/09/16 14:25:33 INFO ContextCleaner: Cleaned accumulator 182
20/09/16 14:25:33 INFO ContextCleaner: Cleaned accumulator 252
20/09/16 14:25:33 INFO ContextCleaner: Cleaned accumulator 313
20/09/16 14:25:33 INFO ContextCleaner: Cleaned accumulator 412
20/09/16 14:25:33 INFO ContextCleaner: Cleaned accumulator 106
20/09/16 14:25:33 INFO ContextCleaner: Cleaned accumulator 276
20/09/16 14:25:33 INFO ContextCleaner: Cleaned accumulator 213
20/09/16 14:25:33 INFO ContextCleaner: Cleaned accumulator 194
20/09/16 14:25:33 INFO ContextCleaner: Cleaned shuffle 1
20/09/16 14:25:33 INFO ContextCleaner: Cleaned accumulator 408
20/09/16 14:25:33 INFO ContextCleaner: Cleaned accumulator 247
20/09/16 14:25:33 INFO ContextCleaner: Cleaned accumulator 270
20/09/16 14:25:33 INFO ContextCleaner: Cleaned accumulator 349
20/09/16 14:25:33 INFO ContextCleaner: Cleaned accumulator 433
20/09/16 14:25:33 INFO ContextCleaner: Cleaned accumulator 401
20/09/16 14:25:33 INFO ContextCleaner: Cleaned accumulator 420
20/09/16 14:25:33 INFO BlockManagerInfo: Removed broadcast_7_piece0 on localhost:49173 in memory (size: 4.3 KB, free: 912.3 MB)
20/09/16 14:25:33 INFO ContextCleaner: Cleaned accumulator 98
20/09/16 14:25:33 INFO ContextCleaner: Cleaned accumulator 176
20/09/16 14:25:33 INFO ContextCleaner: Cleaned accumulator 340
20/09/16 14:25:33 INFO ContextCleaner: Cleaned accumulator 224
20/09/16 14:25:33 INFO ContextCleaner: Cleaned accumulator 161
20/09/16 14:25:33 INFO ContextCleaner: Cleaned accumulator 348
20/09/16 14:25:33 INFO ContextCleaner: Cleaned accumulator 210
20/09/16 14:25:33 INFO ContextCleaner: Cleaned accumulator 360
20/09/16 14:25:33 INFO ContextCleaner: Cleaned accumulator 235
20/09/16 14:25:33 INFO ContextCleaner: Cleaned accumulator 368
20/09/16 14:25:33 INFO ContextCleaner: Cleaned accumulator 254
20/09/16 14:25:33 INFO ContextCleaner: Cleaned accumulator 393
20/09/16 14:25:33 INFO ContextCleaner: Cleaned accumulator 95
20/09/16 14:25:33 INFO ContextCleaner: Cleaned accumulator 428
20/09/16 14:25:33 INFO ContextCleaner: Cleaned accumulator 272
20/09/16 14:25:33 INFO ContextCleaner: Cleaned accumulator 278
20/09/16 14:25:33 INFO ContextCleaner: Cleaned accumulator 266
20/09/16 14:25:33 INFO ContextCleaner: Cleaned accumulator 410
20/09/16 14:25:33 INFO ContextCleaner: Cleaned accumulator 187
20/09/16 14:25:33 INFO ContextCleaner: Cleaned accumulator 211
20/09/16 14:25:33 INFO ContextCleaner: Cleaned accumulator 301
20/09/16 14:25:33 INFO ContextCleaner: Cleaned accumulator 220
20/09/16 14:25:33 INFO ContextCleaner: Cleaned accumulator 232
20/09/16 14:25:33 INFO ContextCleaner: Cleaned accumulator 273
20/09/16 14:25:33 INFO ContextCleaner: Cleaned accumulator 186
20/09/16 14:25:33 INFO ContextCleaner: Cleaned accumulator 426
20/09/16 14:25:33 INFO ContextCleaner: Cleaned accumulator 288
20/09/16 14:25:33 INFO ContextCleaner: Cleaned accumulator 166
20/09/16 14:25:33 INFO ContextCleaner: Cleaned accumulator 228
20/09/16 14:25:33 INFO ContextCleaner: Cleaned accumulator 394
20/09/16 14:25:33 INFO ContextCleaner: Cleaned accumulator 96
20/09/16 14:25:33 INFO ContextCleaner: Cleaned accumulator 109
20/09/16 14:25:33 INFO ContextCleaner: Cleaned accumulator 355
20/09/16 14:25:33 INFO ContextCleaner: Cleaned accumulator 189
20/09/16 14:25:33 INFO ContextCleaner: Cleaned accumulator 104
20/09/16 14:25:33 INFO ContextCleaner: Cleaned shuffle 5
20/09/16 14:25:33 INFO ContextCleaner: Cleaned accumulator 345
20/09/16 14:25:33 INFO ContextCleaner: Cleaned accumulator 343
20/09/16 14:25:33 INFO ContextCleaner: Cleaned accumulator 183
20/09/16 14:25:33 INFO ContextCleaner: Cleaned accumulator 365
20/09/16 14:25:33 INFO ContextCleaner: Cleaned accumulator 423
20/09/16 14:25:33 INFO ContextCleaner: Cleaned shuffle 2
20/09/16 14:25:33 INFO ContextCleaner: Cleaned accumulator 202
20/09/16 14:25:33 INFO ContextCleaner: Cleaned accumulator 253
20/09/16 14:25:33 INFO ContextCleaner: Cleaned accumulator 268
20/09/16 14:25:33 INFO ContextCleaner: Cleaned accumulator 346
20/09/16 14:25:33 INFO ContextCleaner: Cleaned accumulator 402
20/09/16 14:25:33 INFO ContextCleaner: Cleaned accumulator 419
20/09/16 14:25:33 INFO ContextCleaner: Cleaned accumulator 292
20/09/16 14:25:33 INFO ContextCleaner: Cleaned accumulator 285
20/09/16 14:25:33 INFO ContextCleaner: Cleaned accumulator 375
20/09/16 14:25:33 INFO ContextCleaner: Cleaned accumulator 223
20/09/16 14:25:33 INFO ContextCleaner: Cleaned accumulator 373
20/09/16 14:25:33 INFO ContextCleaner: Cleaned accumulator 243
20/09/16 14:25:33 INFO ContextCleaner: Cleaned accumulator 388
20/09/16 14:25:33 INFO ContextCleaner: Cleaned accumulator 297
20/09/16 14:25:33 INFO ContextCleaner: Cleaned accumulator 370
20/09/16 14:25:33 INFO ContextCleaner: Cleaned accumulator 179
20/09/16 14:25:33 INFO ContextCleaner: Cleaned accumulator 198
20/09/16 14:25:33 INFO ContextCleaner: Cleaned accumulator 229
20/09/16 14:25:33 INFO ContextCleaner: Cleaned accumulator 255
20/09/16 14:25:33 INFO ContextCleaner: Cleaned accumulator 358
20/09/16 14:25:33 INFO ContextCleaner: Cleaned accumulator 174
20/09/16 14:25:33 INFO ContextCleaner: Cleaned accumulator 309
20/09/16 14:25:33 INFO ContextCleaner: Cleaned accumulator 222
20/09/16 14:25:33 INFO ContextCleaner: Cleaned accumulator 234
20/09/16 14:25:33 INFO BlockManagerInfo: Removed broadcast_10_piece0 on localhost:49173 in memory (size: 3.9 KB, free: 912.3 MB)
20/09/16 14:25:33 INFO ContextCleaner: Cleaned accumulator 97
20/09/16 14:25:33 INFO ContextCleaner: Cleaned accumulator 196
20/09/16 14:25:33 INFO ContextCleaner: Cleaned accumulator 350
20/09/16 14:25:33 INFO ContextCleaner: Cleaned accumulator 384
20/09/16 14:25:33 INFO ContextCleaner: Cleaned accumulator 306
20/09/16 14:25:33 INFO ContextCleaner: Cleaned accumulator 425
20/09/16 14:25:33 INFO ContextCleaner: Cleaned accumulator 321
20/09/16 14:25:33 INFO ContextCleaner: Cleaned accumulator 317
20/09/16 14:25:33 INFO ContextCleaner: Cleaned accumulator 318
20/09/16 14:25:33 INFO ContextCleaner: Cleaned accumulator 336
20/09/16 14:25:33 INFO ContextCleaner: Cleaned accumulator 287
20/09/16 14:25:33 INFO ContextCleaner: Cleaned accumulator 168
20/09/16 14:25:33 INFO ContextCleaner: Cleaned accumulator 258
20/09/16 14:25:33 INFO ContextCleaner: Cleaned accumulator 429
20/09/16 14:25:33 INFO ContextCleaner: Cleaned accumulator 325
20/09/16 14:25:33 INFO ContextCleaner: Cleaned accumulator 274
20/09/16 14:25:33 INFO ContextCleaner: Cleaned accumulator 405
20/09/16 14:25:33 INFO ContextCleaner: Cleaned accumulator 221
20/09/16 14:25:33 INFO ContextCleaner: Cleaned accumulator 322
20/09/16 14:25:33 INFO ContextCleaner: Cleaned accumulator 191
20/09/16 14:25:33 INFO ContextCleaner: Cleaned accumulator 271
20/09/16 14:25:33 INFO ContextCleaner: Cleaned accumulator 203
20/09/16 14:25:33 INFO ContextCleaner: Cleaned accumulator 364
20/09/16 14:25:33 INFO BlockManagerInfo: Removed broadcast_6_piece0 on localhost:49173 in memory (size: 4.2 KB, free: 912.3 MB)
20/09/16 14:25:33 INFO ContextCleaner: Cleaned accumulator 300
20/09/16 14:25:33 INFO ContextCleaner: Cleaned accumulator 204
20/09/16 14:25:33 INFO ContextCleaner: Cleaned accumulator 225
20/09/16 14:25:33 INFO ContextCleaner: Cleaned accumulator 372
20/09/16 14:25:33 INFO ContextCleaner: Cleaned accumulator 399
20/09/16 14:25:33 INFO ContextCleaner: Cleaned accumulator 377
20/09/16 14:25:33 INFO ContextCleaner: Cleaned accumulator 432
20/09/16 14:25:33 INFO ContextCleaner: Cleaned accumulator 354
20/09/16 14:25:33 INFO ContextCleaner: Cleaned accumulator 319
20/09/16 14:25:33 INFO BlockManagerInfo: Removed broadcast_9_piece0 on localhost:49173 in memory (size: 4.3 KB, free: 912.3 MB)
20/09/16 14:25:33 INFO ContextCleaner: Cleaned accumulator 378
20/09/16 14:25:33 INFO ContextCleaner: Cleaned accumulator 351
20/09/16 14:25:33 INFO ContextCleaner: Cleaned accumulator 431
20/09/16 14:25:33 INFO ContextCleaner: Cleaned accumulator 311
20/09/16 14:25:33 INFO ContextCleaner: Cleaned accumulator 337
20/09/16 14:25:33 INFO ContextCleaner: Cleaned accumulator 357
20/09/16 14:25:33 INFO ContextCleaner: Cleaned shuffle 3
20/09/16 14:25:33 INFO ContextCleaner: Cleaned accumulator 397
20/09/16 14:25:33 INFO ContextCleaner: Cleaned accumulator 315
20/09/16 14:25:33 INFO ContextCleaner: Cleaned accumulator 380
20/09/16 14:25:33 INFO ContextCleaner: Cleaned accumulator 385
20/09/16 14:25:33 INFO ContextCleaner: Cleaned accumulator 262
20/09/16 14:25:33 INFO ContextCleaner: Cleaned accumulator 376
20/09/16 14:25:33 INFO ContextCleaner: Cleaned accumulator 172
20/09/16 14:25:33 INFO ContextCleaner: Cleaned accumulator 305
20/09/16 14:25:33 INFO ContextCleaner: Cleaned accumulator 246
20/09/16 14:25:33 INFO ContextCleaner: Cleaned accumulator 334
20/09/16 14:25:33 INFO ContextCleaner: Cleaned accumulator 367
20/09/16 14:25:33 INFO ContextCleaner: Cleaned accumulator 329
20/09/16 14:25:33 INFO ContextCleaner: Cleaned accumulator 330
20/09/16 14:25:33 INFO ContextCleaner: Cleaned accumulator 99
20/09/16 14:25:33 INFO ContextCleaner: Cleaned accumulator 162
20/09/16 14:25:33 INFO ContextCleaner: Cleaned accumulator 200
20/09/16 14:25:33 INFO ContextCleaner: Cleaned accumulator 404
20/09/16 14:25:33 INFO ContextCleaner: Cleaned accumulator 284
20/09/16 14:25:33 INFO ContextCleaner: Cleaned accumulator 256
20/09/16 14:25:33 INFO ContextCleaner: Cleaned accumulator 245
20/09/16 14:25:33 INFO ContextCleaner: Cleaned accumulator 344
20/09/16 14:25:33 INFO ContextCleaner: Cleaned accumulator 396
20/09/16 14:25:33 INFO ContextCleaner: Cleaned accumulator 249
20/09/16 14:25:33 INFO ContextCleaner: Cleaned accumulator 327
20/09/16 14:25:33 INFO ContextCleaner: Cleaned accumulator 359
20/09/16 14:25:33 INFO ContextCleaner: Cleaned accumulator 209
20/09/16 14:25:33 INFO ContextCleaner: Cleaned accumulator 265
20/09/16 14:25:33 INFO BlockManagerInfo: Removed broadcast_8_piece0 on localhost:49173 in memory (size: 3.9 KB, free: 912.3 MB)
20/09/16 14:25:33 INFO ContextCleaner: Cleaned accumulator 286
20/09/16 14:25:33 INFO ContextCleaner: Cleaned accumulator 190
20/09/16 14:25:33 INFO ContextCleaner: Cleaned accumulator 294
20/09/16 14:25:33 INFO ContextCleaner: Cleaned accumulator 303
20/09/16 14:25:33 INFO ContextCleaner: Cleaned accumulator 389
20/09/16 14:25:33 INFO ContextCleaner: Cleaned accumulator 108
20/09/16 14:25:33 INFO ContextCleaner: Cleaned accumulator 407
20/09/16 14:25:33 INFO ContextCleaner: Cleaned accumulator 163
20/09/16 14:25:33 INFO ContextCleaner: Cleaned accumulator 192
20/09/16 14:25:33 INFO ContextCleaner: Cleaned accumulator 251
20/09/16 14:25:33 INFO ContextCleaner: Cleaned accumulator 312
20/09/16 14:25:33 INFO ContextCleaner: Cleaned accumulator 400
20/09/16 14:25:33 INFO ContextCleaner: Cleaned accumulator 289
20/09/16 14:25:33 INFO ContextCleaner: Cleaned accumulator 304
20/09/16 14:25:33 INFO ContextCleaner: Cleaned accumulator 361
20/09/16 14:25:33 INFO ContextCleaner: Cleaned accumulator 392
20/09/16 14:25:33 INFO ContextCleaner: Cleaned accumulator 291
20/09/16 14:25:33 INFO ContextCleaner: Cleaned accumulator 275
20/09/16 14:25:33 INFO ContextCleaner: Cleaned accumulator 382
20/09/16 14:25:33 INFO ContextCleaner: Cleaned accumulator 308
20/09/16 14:25:33 INFO ContextCleaner: Cleaned accumulator 100
20/09/16 14:25:33 INFO ContextCleaner: Cleaned accumulator 177
20/09/16 14:25:33 INFO ContextCleaner: Cleaned accumulator 167
20/09/16 14:25:33 INFO ContextCleaner: Cleaned accumulator 383
20/09/16 14:25:33 INFO ContextCleaner: Cleaned accumulator 320
20/09/16 14:25:33 INFO ContextCleaner: Cleaned accumulator 386
20/09/16 14:25:33 INFO ContextCleaner: Cleaned accumulator 185
20/09/16 14:25:33 INFO ContextCleaner: Cleaned accumulator 269
20/09/16 14:25:33 INFO ContextCleaner: Cleaned accumulator 164
20/09/16 14:25:33 INFO ContextCleaner: Cleaned accumulator 173
20/09/16 14:25:33 INFO ContextCleaner: Cleaned accumulator 417
20/09/16 14:25:33 INFO ContextCleaner: Cleaned accumulator 219
20/09/16 14:25:33 INFO ContextCleaner: Cleaned accumulator 310
20/09/16 14:25:33 INFO ContextCleaner: Cleaned accumulator 101
20/09/16 14:25:33 INFO ContextCleaner: Cleaned accumulator 241
20/09/16 14:25:33 INFO ContextCleaner: Cleaned shuffle 4
20/09/16 14:25:33 INFO ContextCleaner: Cleaned accumulator 295
20/09/16 14:25:33 INFO ContextCleaner: Cleaned accumulator 102
20/09/16 14:25:33 INFO ContextCleaner: Cleaned accumulator 175
20/09/16 14:25:33 INFO ContextCleaner: Cleaned accumulator 263
20/09/16 14:25:33 INFO ContextCleaner: Cleaned accumulator 390
20/09/16 14:25:33 INFO ContextCleaner: Cleaned accumulator 347
20/09/16 14:25:33 INFO ContextCleaner: Cleaned accumulator 430
20/09/16 14:25:33 INFO ContextCleaner: Cleaned accumulator 374
20/09/16 14:25:33 INFO ContextCleaner: Cleaned accumulator 324
20/09/16 14:25:33 INFO ContextCleaner: Cleaned accumulator 195
20/09/16 14:25:33 INFO ContextCleaner: Cleaned accumulator 257
20/09/16 14:25:33 INFO ContextCleaner: Cleaned accumulator 379
20/09/16 14:25:33 INFO ContextCleaner: Cleaned accumulator 414
20/09/16 14:25:33 INFO ContextCleaner: Cleaned accumulator 279
20/09/16 14:25:33 INFO ContextCleaner: Cleaned accumulator 366
20/09/16 14:25:33 INFO ContextCleaner: Cleaned accumulator 422
20/09/16 14:25:33 INFO ContextCleaner: Cleaned accumulator 296
20/09/16 14:25:33 INFO ContextCleaner: Cleaned accumulator 326
20/09/16 14:25:33 INFO ContextCleaner: Cleaned accumulator 307
20/09/16 14:25:33 INFO ContextCleaner: Cleaned accumulator 261
20/09/16 14:25:33 INFO ContextCleaner: Cleaned accumulator 333
20/09/16 14:25:33 INFO ContextCleaner: Cleaned accumulator 201
20/09/16 14:25:33 INFO ContextCleaner: Cleaned accumulator 353
20/09/16 14:25:33 INFO ContextCleaner: Cleaned accumulator 280
20/09/16 14:25:33 INFO ContextCleaner: Cleaned accumulator 332
20/09/16 14:25:33 INFO ContextCleaner: Cleaned accumulator 369
20/09/16 14:25:33 INFO ContextCleaner: Cleaned accumulator 237
20/09/16 14:25:33 INFO ContextCleaner: Cleaned accumulator 259
20/09/16 14:25:33 INFO ContextCleaner: Cleaned accumulator 424
20/09/16 14:25:33 INFO ContextCleaner: Cleaned accumulator 227
20/09/16 14:25:33 INFO ContextCleaner: Cleaned accumulator 298
20/09/16 14:25:33 INFO ContextCleaner: Cleaned accumulator 395
20/09/16 14:25:33 INFO ContextCleaner: Cleaned accumulator 13
20/09/16 14:25:33 INFO ContextCleaner: Cleaned accumulator 25
20/09/16 14:25:33 INFO ContextCleaner: Cleaned accumulator 1
20/09/16 14:25:33 INFO ContextCleaner: Cleaned accumulator 17
20/09/16 14:25:33 INFO ContextCleaner: Cleaned accumulator 10
20/09/16 14:25:33 INFO ContextCleaner: Cleaned accumulator 2
20/09/16 14:25:33 INFO ContextCleaner: Cleaned accumulator 5
20/09/16 14:25:33 INFO ContextCleaner: Cleaned accumulator 0
20/09/16 14:25:33 INFO ContextCleaner: Cleaned accumulator 3
20/09/16 14:25:33 INFO ContextCleaner: Cleaned accumulator 18
20/09/16 14:25:33 INFO ContextCleaner: Cleaned accumulator 15
20/09/16 14:25:33 INFO ContextCleaner: Cleaned accumulator 20
20/09/16 14:25:33 INFO ContextCleaner: Cleaned accumulator 7
20/09/16 14:25:33 INFO ContextCleaner: Cleaned accumulator 16
20/09/16 14:25:33 INFO ContextCleaner: Cleaned accumulator 23
20/09/16 14:25:33 INFO ContextCleaner: Cleaned accumulator 21
20/09/16 14:25:33 INFO ContextCleaner: Cleaned accumulator 11
20/09/16 14:25:33 INFO ContextCleaner: Cleaned accumulator 4
20/09/16 14:25:33 INFO ContextCleaner: Cleaned accumulator 9
20/09/16 14:25:33 INFO ContextCleaner: Cleaned accumulator 6
20/09/16 14:25:33 INFO ContextCleaner: Cleaned accumulator 14
20/09/16 14:25:33 INFO ContextCleaner: Cleaned accumulator 24
20/09/16 14:25:33 INFO ContextCleaner: Cleaned accumulator 22
20/09/16 14:25:33 INFO ContextCleaner: Cleaned accumulator 19
20/09/16 14:25:33 INFO ContextCleaner: Cleaned accumulator 8
20/09/16 16:34:30 INFO SparkContext: Invoking stop() from shutdown hook
20/09/16 16:34:30 INFO SparkUI: Stopped Spark web UI at http://localhost:4040
20/09/16 16:34:30 INFO MapOutputTrackerMasterEndpoint: MapOutputTrackerMasterEndpoint stopped!
20/09/16 16:34:30 INFO MemoryStore: MemoryStore cleared
20/09/16 16:34:30 INFO BlockManager: BlockManager stopped
20/09/16 16:34:30 INFO BlockManagerMaster: BlockManagerMaster stopped
20/09/16 16:34:30 INFO OutputCommitCoordinator$OutputCommitCoordinatorEndpoint: OutputCommitCoordinator stopped!
20/09/16 16:34:30 INFO SparkContext: Successfully stopped SparkContext
20/09/16 16:34:30 INFO ShutdownHookManager: Shutdown hook called
20/09/16 16:34:30 INFO ShutdownHookManager: Deleting directory /private/var/folders/58/m5fvfpw93rz5rtzg6nc5_lbr0000gn/T/spark-fa5fcdf9-54e6-441c-9350-753b80648642
20/09/16 16:34:30 INFO ShutdownHookManager: Deleting directory /private/var/folders/58/m5fvfpw93rz5rtzg6nc5_lbr0000gn/T/spark-412a1246-e5b4-4981-a854-0063bfa25417
